<?xml version="1.0" encoding="UTF-8"?>
<!-- Generated by org.testng.reporters.JUnitReportReporter -->
<testsuite skipped="0" hostname="Manju" name="com.nopcommerce.demo.AppTest" tests="1" failures="0" timestamp="14 May 2023 08:22:39 GMT" time="0.002" errors="0">
  <testcase name="testApp" time="0.002" classname="com.nopcommerce.demo.AppTest"/>
</testsuite> <!-- com.nopcommerce.demo.AppTest -->
